<?xml version="1.0" encoding="UTF-8"?>
<testsuite xmlns:xsi="http://www.w3.org/2001/XMLSchema-instance" xsi:noNamespaceSchemaLocation="https://maven.apache.org/surefire/maven-surefire-plugin/xsd/surefire-test-report.xsd" name="runners.SmokeRunner" time="4.605" tests="10" errors="1" skipped="0" failures="0">
  <properties>
[...]
</properties>
  <testcase name="Verify user can login with valid credentials" classname="Login functionality" time="0.14"/>
  <testcase name="Order Kimchi from Arrigato" classname="Data Table practice" time="0.043"/>
  <testcase name="Verify following tabs displayed on Amazon" classname="Data Table practice" time="0.022"/>
  <testcase name="Cars model" classname="Data Table practice" time="0.02"/>
  <testcase name="Multiple tests #1" classname="Scenario outline demo" time="0.019"/>
  <testcase name="Multiple tests #2" classname="Scenario outline demo" time="0.015"/>
  <testcase name="Multiple tests #3" classname="Scenario outline demo" time="0.013"/>
  <testcase name="Multiple tests #4" classname="Scenario outline demo" time="0.018"/>
  <testcase name="Multiple tests #5" classname="Scenario outline demo" time="0.017"/>
  <testcase name="dfffsdf" classname="Scenario outline demo" time="0.043">
    <error message="The step &apos;fddd&apos; and 1 other step(s) are undefined.&#10;You can implement these steps using the snippet(s) below:&#10;&#10;@Given(&quot;fddd&quot;)&#10;public void fddd() {&#10;    // Write code here that turns the phrase above into concrete actions&#10;    throw new io.cucumber.java.PendingException();&#10;}&#10;@Then(&quot;fgfg&quot;)&#10;public void fgfg() {&#10;    // Write code here that turns the phrase above into concrete actions&#10;    throw new io.cucumber.java.PendingException();&#10;}&#10;" type="io.cucumber.junit.UndefinedStepException">io.cucumber.junit.UndefinedStepException: 
The step 'fddd' and 1 other step(s) are undefined.
You can implement these steps using the snippet(s) below:

@Given("fddd")
public void fddd() {
    // Write code here that turns the phrase above into concrete actions
    throw new io.cucumber.java.PendingException();
}
@Then("fgfg")
public void fgfg() {
    // Write code here that turns the phrase above into concrete actions
    throw new io.cucumber.java.PendingException();
}

</error>
    <system-out><![CDATA[
@Smoke @E2E
Scenario: dfffsdf &amp#27;[90m# src/test/resources/features/ScenarioOutline.feature:19&amp#27;[0m
  &amp#27;[33mGiven &amp#27;[0m&amp#27;[33mfddd&amp#27;[0m
  &amp#27;[36mThen &amp#27;[0m&amp#27;[36mfgfg&amp#27;[0m
]]></system-out>
  </testcase>
</testsuite>